<?xml version="1.0" encoding="UTF-8"?>
<!-- Generated by org.testng.reporters.JUnitReportReporter -->
<testsuite hostname="DESKTOP-0TSGC6B" failures="0" tests="3" name="test.AddToCarttest" time="1.545" errors="0" timestamp="2024-07-08T18:30:23 IST" skipped="0">
  <testcase classname="test.AddToCarttest" name="validateCartValueShown" time="0.988"/>
  <system-out/>
  <testcase classname="test.AddToCarttest" name="validateYourCartPage" time="0.251"/>
  <system-out/>
  <testcase classname="test.AddToCarttest" name="validateUserInformationPage" time="0.306"/>
  <system-out/>
</testsuite> <!-- test.AddToCarttest -->
